mode: set
gitlab.com/s0j0hn/go-rest-boilerplate-echo/database/models/tenant/tenantModel.go:16.39,18.2 1 1
gitlab.com/s0j0hn/go-rest-boilerplate-echo/database/models/tenant/tenantModel.go:20.71,21.32 1 1
gitlab.com/s0j0hn/go-rest-boilerplate-echo/database/models/tenant/tenantModel.go:25.2,25.73 1 1
gitlab.com/s0j0hn/go-rest-boilerplate-echo/database/models/tenant/tenantModel.go:28.2,28.50 1 1
gitlab.com/s0j0hn/go-rest-boilerplate-echo/database/models/tenant/tenantModel.go:21.32,23.3 1 1
gitlab.com/s0j0hn/go-rest-boilerplate-echo/database/models/tenant/tenantModel.go:25.73,27.3 1 1
gitlab.com/s0j0hn/go-rest-boilerplate-echo/database/models/tenant/tenantModel.go:31.66,34.16 3 1
gitlab.com/s0j0hn/go-rest-boilerplate-echo/database/models/tenant/tenantModel.go:37.2,37.22 1 1
gitlab.com/s0j0hn/go-rest-boilerplate-echo/database/models/tenant/tenantModel.go:34.16,36.3 1 0
gitlab.com/s0j0hn/go-rest-boilerplate-echo/database/models/tenant/tenantModel.go:40.62,43.30 2 1
gitlab.com/s0j0hn/go-rest-boilerplate-echo/database/models/tenant/tenantModel.go:47.2,48.16 2 1
gitlab.com/s0j0hn/go-rest-boilerplate-echo/database/models/tenant/tenantModel.go:53.2,54.25 2 1
gitlab.com/s0j0hn/go-rest-boilerplate-echo/database/models/tenant/tenantModel.go:43.30,45.3 1 0
gitlab.com/s0j0hn/go-rest-boilerplate-echo/database/models/tenant/tenantModel.go:48.16,51.3 2 1
gitlab.com/s0j0hn/go-rest-boilerplate-echo/database/models/tenant/tenantModel.go:57.64,60.30 2 1
gitlab.com/s0j0hn/go-rest-boilerplate-echo/database/models/tenant/tenantModel.go:64.2,65.16 2 1
gitlab.com/s0j0hn/go-rest-boilerplate-echo/database/models/tenant/tenantModel.go:70.2,71.25 2 1
gitlab.com/s0j0hn/go-rest-boilerplate-echo/database/models/tenant/tenantModel.go:60.30,62.3 1 0
gitlab.com/s0j0hn/go-rest-boilerplate-echo/database/models/tenant/tenantModel.go:65.16,68.3 2 0
gitlab.com/s0j0hn/go-rest-boilerplate-echo/database/models/tenant/tenantModel.go:74.64,77.37 2 1
gitlab.com/s0j0hn/go-rest-boilerplate-echo/database/models/tenant/tenantModel.go:81.2,81.25 1 1
gitlab.com/s0j0hn/go-rest-boilerplate-echo/database/models/tenant/tenantModel.go:77.37,79.3 1 1
gitlab.com/s0j0hn/go-rest-boilerplate-echo/database/models/tenant/tenantModel.go:84.56,87.30 2 1
gitlab.com/s0j0hn/go-rest-boilerplate-echo/database/models/tenant/tenantModel.go:91.2,92.16 2 1
gitlab.com/s0j0hn/go-rest-boilerplate-echo/database/models/tenant/tenantModel.go:97.2,98.18 2 1
gitlab.com/s0j0hn/go-rest-boilerplate-echo/database/models/tenant/tenantModel.go:87.30,89.3 1 0
gitlab.com/s0j0hn/go-rest-boilerplate-echo/database/models/tenant/tenantModel.go:92.16,95.3 2 0
gitlab.com/s0j0hn/go-rest-boilerplate-echo/handlers/tenantHandler.go:24.61,26.2 1 1
gitlab.com/s0j0hn/go-rest-boilerplate-echo/handlers/tenantHandler.go:28.47,30.16 2 1
gitlab.com/s0j0hn/go-rest-boilerplate-echo/handlers/tenantHandler.go:35.2,36.34 2 1
gitlab.com/s0j0hn/go-rest-boilerplate-echo/handlers/tenantHandler.go:39.2,39.39 1 1
gitlab.com/s0j0hn/go-rest-boilerplate-echo/handlers/tenantHandler.go:30.16,33.3 2 0
gitlab.com/s0j0hn/go-rest-boilerplate-echo/handlers/tenantHandler.go:36.34,38.3 1 1
gitlab.com/s0j0hn/go-rest-boilerplate-echo/handlers/tenantHandler.go:42.51,44.16 2 1
gitlab.com/s0j0hn/go-rest-boilerplate-echo/handlers/tenantHandler.go:49.2,52.16 3 1
gitlab.com/s0j0hn/go-rest-boilerplate-echo/handlers/tenantHandler.go:57.2,60.4 1 1
gitlab.com/s0j0hn/go-rest-boilerplate-echo/handlers/tenantHandler.go:44.16,47.3 2 1
gitlab.com/s0j0hn/go-rest-boilerplate-echo/handlers/tenantHandler.go:52.16,55.3 2 0
gitlab.com/s0j0hn/go-rest-boilerplate-echo/handlers/tenantHandler.go:63.47,65.37 2 1
gitlab.com/s0j0hn/go-rest-boilerplate-echo/handlers/tenantHandler.go:70.2,70.41 1 1
gitlab.com/s0j0hn/go-rest-boilerplate-echo/handlers/tenantHandler.go:75.2,79.16 4 1
gitlab.com/s0j0hn/go-rest-boilerplate-echo/handlers/tenantHandler.go:84.2,87.4 1 1
gitlab.com/s0j0hn/go-rest-boilerplate-echo/handlers/tenantHandler.go:65.37,68.3 2 1
gitlab.com/s0j0hn/go-rest-boilerplate-echo/handlers/tenantHandler.go:70.41,73.3 2 0
gitlab.com/s0j0hn/go-rest-boilerplate-echo/handlers/tenantHandler.go:79.16,82.3 2 0
gitlab.com/s0j0hn/go-rest-boilerplate-echo/handlers/tenantHandler.go:90.47,93.37 2 1
gitlab.com/s0j0hn/go-rest-boilerplate-echo/handlers/tenantHandler.go:98.2,98.41 1 1
gitlab.com/s0j0hn/go-rest-boilerplate-echo/handlers/tenantHandler.go:103.2,107.16 4 1
gitlab.com/s0j0hn/go-rest-boilerplate-echo/handlers/tenantHandler.go:112.2,115.4 1 1
gitlab.com/s0j0hn/go-rest-boilerplate-echo/handlers/tenantHandler.go:93.37,96.3 2 1
gitlab.com/s0j0hn/go-rest-boilerplate-echo/handlers/tenantHandler.go:98.41,101.3 2 0
gitlab.com/s0j0hn/go-rest-boilerplate-echo/handlers/tenantHandler.go:107.16,110.3 2 0
gitlab.com/s0j0hn/go-rest-boilerplate-echo/handlers/tenantHandler.go:118.51,120.16 2 1
gitlab.com/s0j0hn/go-rest-boilerplate-echo/handlers/tenantHandler.go:125.2,128.16 3 1
gitlab.com/s0j0hn/go-rest-boilerplate-echo/handlers/tenantHandler.go:132.2,132.41 1 1
gitlab.com/s0j0hn/go-rest-boilerplate-echo/handlers/tenantHandler.go:120.16,123.3 2 1
gitlab.com/s0j0hn/go-rest-boilerplate-echo/handlers/tenantHandler.go:128.16,131.3 2 1
