mode: set
gitlab.com/s0j0hn/go-rest-boilerplate-echo/database/models/tenant/tenantModel.go:16.39,18.2 1 1
gitlab.com/s0j0hn/go-rest-boilerplate-echo/database/models/tenant/tenantModel.go:20.71,21.73 1 1
gitlab.com/s0j0hn/go-rest-boilerplate-echo/database/models/tenant/tenantModel.go:24.2,24.50 1 1
gitlab.com/s0j0hn/go-rest-boilerplate-echo/database/models/tenant/tenantModel.go:21.73,23.3 1 1
gitlab.com/s0j0hn/go-rest-boilerplate-echo/database/models/tenant/tenantModel.go:27.66,30.16 3 1
gitlab.com/s0j0hn/go-rest-boilerplate-echo/database/models/tenant/tenantModel.go:33.2,33.22 1 1
gitlab.com/s0j0hn/go-rest-boilerplate-echo/database/models/tenant/tenantModel.go:30.16,32.3 1 0
gitlab.com/s0j0hn/go-rest-boilerplate-echo/database/models/tenant/tenantModel.go:36.62,39.29 2 1
gitlab.com/s0j0hn/go-rest-boilerplate-echo/database/models/tenant/tenantModel.go:43.2,44.16 2 1
gitlab.com/s0j0hn/go-rest-boilerplate-echo/database/models/tenant/tenantModel.go:49.2,50.25 2 1
gitlab.com/s0j0hn/go-rest-boilerplate-echo/database/models/tenant/tenantModel.go:39.29,41.3 1 0
gitlab.com/s0j0hn/go-rest-boilerplate-echo/database/models/tenant/tenantModel.go:44.16,47.3 2 0
gitlab.com/s0j0hn/go-rest-boilerplate-echo/database/models/tenant/tenantModel.go:53.64,56.30 2 1
gitlab.com/s0j0hn/go-rest-boilerplate-echo/database/models/tenant/tenantModel.go:60.2,61.16 2 1
gitlab.com/s0j0hn/go-rest-boilerplate-echo/database/models/tenant/tenantModel.go:66.2,67.25 2 1
gitlab.com/s0j0hn/go-rest-boilerplate-echo/database/models/tenant/tenantModel.go:56.30,58.3 1 0
gitlab.com/s0j0hn/go-rest-boilerplate-echo/database/models/tenant/tenantModel.go:61.16,64.3 2 0
gitlab.com/s0j0hn/go-rest-boilerplate-echo/database/models/tenant/tenantModel.go:70.64,72.16 2 1
gitlab.com/s0j0hn/go-rest-boilerplate-echo/database/models/tenant/tenantModel.go:76.2,76.37 1 1
gitlab.com/s0j0hn/go-rest-boilerplate-echo/database/models/tenant/tenantModel.go:80.2,80.25 1 1
gitlab.com/s0j0hn/go-rest-boilerplate-echo/database/models/tenant/tenantModel.go:72.16,74.3 1 0
gitlab.com/s0j0hn/go-rest-boilerplate-echo/database/models/tenant/tenantModel.go:76.37,78.3 1 0
gitlab.com/s0j0hn/go-rest-boilerplate-echo/database/models/tenant/tenantModel.go:83.56,86.30 2 1
gitlab.com/s0j0hn/go-rest-boilerplate-echo/database/models/tenant/tenantModel.go:90.2,91.16 2 1
gitlab.com/s0j0hn/go-rest-boilerplate-echo/database/models/tenant/tenantModel.go:96.2,97.18 2 1
gitlab.com/s0j0hn/go-rest-boilerplate-echo/database/models/tenant/tenantModel.go:86.30,88.3 1 0
gitlab.com/s0j0hn/go-rest-boilerplate-echo/database/models/tenant/tenantModel.go:91.16,94.3 2 0
gitlab.com/s0j0hn/go-rest-boilerplate-echo/handlers/tenantHandler.go:24.61,26.2 1 0
gitlab.com/s0j0hn/go-rest-boilerplate-echo/handlers/tenantHandler.go:28.47,30.16 2 1
gitlab.com/s0j0hn/go-rest-boilerplate-echo/handlers/tenantHandler.go:35.2,36.34 2 1
gitlab.com/s0j0hn/go-rest-boilerplate-echo/handlers/tenantHandler.go:39.2,39.39 1 1
gitlab.com/s0j0hn/go-rest-boilerplate-echo/handlers/tenantHandler.go:30.16,33.3 2 0
gitlab.com/s0j0hn/go-rest-boilerplate-echo/handlers/tenantHandler.go:36.34,38.3 1 1
gitlab.com/s0j0hn/go-rest-boilerplate-echo/handlers/tenantHandler.go:42.51,44.16 2 1
gitlab.com/s0j0hn/go-rest-boilerplate-echo/handlers/tenantHandler.go:49.2,52.16 3 1
gitlab.com/s0j0hn/go-rest-boilerplate-echo/handlers/tenantHandler.go:57.2,60.4 1 1
gitlab.com/s0j0hn/go-rest-boilerplate-echo/handlers/tenantHandler.go:44.16,47.3 2 0
gitlab.com/s0j0hn/go-rest-boilerplate-echo/handlers/tenantHandler.go:52.16,55.3 2 0
gitlab.com/s0j0hn/go-rest-boilerplate-echo/handlers/tenantHandler.go:63.47,65.37 2 1
gitlab.com/s0j0hn/go-rest-boilerplate-echo/handlers/tenantHandler.go:70.2,70.41 1 1
gitlab.com/s0j0hn/go-rest-boilerplate-echo/handlers/tenantHandler.go:75.2,79.16 4 1
gitlab.com/s0j0hn/go-rest-boilerplate-echo/handlers/tenantHandler.go:84.2,87.4 1 1
gitlab.com/s0j0hn/go-rest-boilerplate-echo/handlers/tenantHandler.go:65.37,68.3 2 1
gitlab.com/s0j0hn/go-rest-boilerplate-echo/handlers/tenantHandler.go:70.41,73.3 2 0
gitlab.com/s0j0hn/go-rest-boilerplate-echo/handlers/tenantHandler.go:79.16,82.3 2 0
gitlab.com/s0j0hn/go-rest-boilerplate-echo/handlers/tenantHandler.go:90.47,93.37 2 1
gitlab.com/s0j0hn/go-rest-boilerplate-echo/handlers/tenantHandler.go:98.2,98.41 1 1
gitlab.com/s0j0hn/go-rest-boilerplate-echo/handlers/tenantHandler.go:103.2,107.16 4 1
gitlab.com/s0j0hn/go-rest-boilerplate-echo/handlers/tenantHandler.go:112.2,115.4 1 1
gitlab.com/s0j0hn/go-rest-boilerplate-echo/handlers/tenantHandler.go:93.37,96.3 2 0
gitlab.com/s0j0hn/go-rest-boilerplate-echo/handlers/tenantHandler.go:98.41,101.3 2 0
gitlab.com/s0j0hn/go-rest-boilerplate-echo/handlers/tenantHandler.go:107.16,110.3 2 0
gitlab.com/s0j0hn/go-rest-boilerplate-echo/handlers/tenantHandler.go:118.51,120.16 2 1
gitlab.com/s0j0hn/go-rest-boilerplate-echo/handlers/tenantHandler.go:125.2,128.16 3 1
gitlab.com/s0j0hn/go-rest-boilerplate-echo/handlers/tenantHandler.go:132.2,132.41 1 1
gitlab.com/s0j0hn/go-rest-boilerplate-echo/handlers/tenantHandler.go:120.16,123.3 2 1
gitlab.com/s0j0hn/go-rest-boilerplate-echo/handlers/tenantHandler.go:128.16,131.3 2 1
